{"/home/arto/ZoomiWithAnI/src/App.vue": {"path":"/home/arto/ZoomiWithAnI/src/App.vue","statementMap":{"0":{"start":{"line":8,"column":0},"end":{"line":8,"column":null}}},"fnMap":{},"branchMap":{},"s":{"0":0},"f":{},"b":{}}
,"/home/arto/ZoomiWithAnI/src/env.d.ts": {"path":"/home/arto/ZoomiWithAnI/src/env.d.ts","statementMap":{},"fnMap":{},"branchMap":{},"s":{},"f":{},"b":{},"hash":"fcfc38f39ed8fcde6b2c21c24e88c1b167d39879"}
,"/home/arto/ZoomiWithAnI/src/shims-vue.d.ts": {"path":"/home/arto/ZoomiWithAnI/src/shims-vue.d.ts","statementMap":{},"fnMap":{},"branchMap":{},"s":{},"f":{},"b":{},"hash":"fc94c6043de0c60d5a5a9a27ba22f55423effaa7"}
,"/home/arto/ZoomiWithAnI/src/boot/axios.ts": {"path":"/home/arto/ZoomiWithAnI/src/boot/axios.ts","statementMap":{"0":{"start":{"line":1,"column":0},"end":{"line":1,"column":26}},"1":{"start":{"line":3,"column":0},"end":{"line":5,"column":2}},"2":{"start":{"line":3,"column":45},"end":{"line":5,"column":2}},"3":{"start":{"line":4,"column":2},"end":{"line":4,"column":31}}},"fnMap":{"0":{"name":"(anonymous_6)","decl":{"start":{"line":3,"column":15},"end":{"line":3,"column":22}},"loc":{"start":{"line":3,"column":45},"end":{"line":5,"column":2}}},"1":{"name":"(anonymous_7)","decl":{"start":{"line":3,"column":45},"end":{"line":3,"column":null}},"loc":{"start":{"line":3,"column":45},"end":{"line":5,"column":1}}}},"branchMap":{},"s":{"0":0,"1":0,"2":0,"3":0},"f":{"0":0,"1":0},"b":{}}
,"/home/arto/ZoomiWithAnI/src/boot/i18n.ts": {"path":"/home/arto/ZoomiWithAnI/src/boot/i18n.ts","statementMap":{"0":{"start":{"line":1,"column":0},"end":{"line":1,"column":22}},"1":{"start":{"line":2,"column":0},"end":{"line":2,"column":31}},"2":{"start":{"line":3,"column":0},"end":{"line":3,"column":32}},"3":{"start":{"line":5,"column":0},"end":{"line":5,"column":17}},"4":{"start":{"line":7,"column":13},"end":{"line":11,"column":2}},"5":{"start":{"line":18,"column":9},"end":{"line":18,"column":13}},"6":{"start":{"line":13,"column":0},"end":{"line":16,"column":2}},"7":{"start":{"line":15,"column":2},"end":{"line":15,"column":18}}},"fnMap":{"0":{"name":"(anonymous_0)","decl":{"start":{"line":13,"column":15},"end":{"line":13,"column":16}},"loc":{"start":{"line":13,"column":39},"end":{"line":16,"column":1}}}},"branchMap":{},"s":{"0":0,"1":0,"2":0,"3":0,"4":0,"5":0,"6":0,"7":0},"f":{"0":0},"b":{}}
,"/home/arto/ZoomiWithAnI/src/i18n/index.ts": {"path":"/home/arto/ZoomiWithAnI/src/i18n/index.ts","statementMap":{"0":{"start":{"line":1,"column":0},"end":{"line":1,"column":27}},"1":{"start":{"line":3,"column":0},"end":{"line":5,"column":2}}},"fnMap":{},"branchMap":{},"s":{"0":0,"1":0},"f":{},"b":{}}
,"/home/arto/ZoomiWithAnI/src/i18n/en-us/index.ts": {"path":"/home/arto/ZoomiWithAnI/src/i18n/en-us/index.ts","statementMap":{"0":{"start":{"line":4,"column":0},"end":{"line":7,"column":2}}},"fnMap":{},"branchMap":{},"s":{"0":0},"f":{},"b":{}}
,"/home/arto/ZoomiWithAnI/src/layouts/MyLayout.vue": {"path":"/home/arto/ZoomiWithAnI/src/layouts/MyLayout.vue","statementMap":{"0":{"start":{"line":115,"column":0},"end":{"line":115,"column":null}},"1":{"start":{"line":117,"column":0},"end":{"line":117,"column":null}},"2":{"start":{"line":122,"column":0},"end":{"line":122,"column":null}}},"fnMap":{"0":{"name":"data","decl":{"start":{"line":121,"column":0},"end":{"line":121,"column":null}},"loc":{"start":{"line":121,"column":0},"end":{"line":125,"column":null}}}},"branchMap":{},"s":{"0":0,"1":0,"2":0},"f":{"0":0},"b":{}}
,"/home/arto/ZoomiWithAnI/src/pages/Error404.vue": {"path":"/home/arto/ZoomiWithAnI/src/pages/Error404.vue","statementMap":{"0":{"start":{"line":14,"column":0},"end":{"line":14,"column":null}}},"fnMap":{},"branchMap":{},"s":{"0":0},"f":{},"b":{}}
,"/home/arto/ZoomiWithAnI/src/pages/Index.vue": {"path":"/home/arto/ZoomiWithAnI/src/pages/Index.vue","statementMap":{"0":{"start":{"line":10,"column":0},"end":{"line":10,"column":null}}},"fnMap":{},"branchMap":{},"s":{"0":0},"f":{},"b":{}}
,"/home/arto/ZoomiWithAnI/src/router/index.ts": {"path":"/home/arto/ZoomiWithAnI/src/router/index.ts","statementMap":{"0":{"start":{"line":1,"column":0},"end":{"line":1,"column":22}},"1":{"start":{"line":2,"column":0},"end":{"line":2,"column":35}},"2":{"start":{"line":4,"column":0},"end":{"line":4,"column":30}},"3":{"start":{"line":6,"column":0},"end":{"line":6,"column":19}},"4":{"start":{"line":14,"column":17},"end":{"line":23,"column":4}},"5":{"start":{"line":15,"column":27},"end":{"line":15,"column":41}},"6":{"start":{"line":25,"column":2},"end":{"line":25,"column":16}},"7":{"start":{"line":13,"column":0},"end":{"line":13,"column":24}}},"fnMap":{"0":{"name":"default_1","decl":{"start":{"line":13,"column":0},"end":{"line":13,"column":24}},"loc":{"start":{"line":13,"column":51},"end":{"line":26,"column":1}}},"1":{"name":"(anonymous_1)","decl":{"start":{"line":15,"column":20},"end":{"line":15,"column":23}},"loc":{"start":{"line":15,"column":27},"end":{"line":15,"column":41}}}},"branchMap":{},"s":{"0":0,"1":0,"2":0,"3":0,"4":0,"5":0,"6":0,"7":0},"f":{"0":0,"1":0},"b":{}}
,"/home/arto/ZoomiWithAnI/src/router/routes.ts": {"path":"/home/arto/ZoomiWithAnI/src/router/routes.ts","statementMap":{"0":{"start":{"line":2,"column":30},"end":{"line":8,"column":2}},"1":{"start":{"line":5,"column":20},"end":{"line":5,"column":51}},"2":{"start":{"line":6,"column":43},"end":{"line":6,"column":69}},"3":{"start":{"line":11,"column":0},"end":{"line":16,"column":null}},"4":{"start":{"line":12,"column":2},"end":{"line":15,"column":5}},"5":{"start":{"line":14,"column":20},"end":{"line":14,"column":49}},"6":{"start":{"line":18,"column":0},"end":{"line":18,"column":22}}},"fnMap":{"0":{"name":"(anonymous_0)","decl":{"start":{"line":5,"column":15},"end":{"line":5,"column":18}},"loc":{"start":{"line":5,"column":20},"end":{"line":5,"column":51}}},"1":{"name":"(anonymous_1)","decl":{"start":{"line":5,"column":20},"end":{"line":5,"column":28}},"loc":{"start":{"line":5,"column":20},"end":{"line":5,"column":51}}},"2":{"name":"(anonymous_2)","decl":{"start":{"line":6,"column":38},"end":{"line":6,"column":41}},"loc":{"start":{"line":6,"column":43},"end":{"line":6,"column":69}}},"3":{"name":"(anonymous_3)","decl":{"start":{"line":6,"column":43},"end":{"line":6,"column":51}},"loc":{"start":{"line":6,"column":43},"end":{"line":6,"column":69}}},"4":{"name":"(anonymous_4)","decl":{"start":{"line":14,"column":15},"end":{"line":14,"column":18}},"loc":{"start":{"line":14,"column":20},"end":{"line":14,"column":49}}},"5":{"name":"(anonymous_5)","decl":{"start":{"line":14,"column":20},"end":{"line":14,"column":28}},"loc":{"start":{"line":14,"column":20},"end":{"line":14,"column":49}}}},"branchMap":{"0":{"loc":{"start":{"line":11,"column":0},"end":{"line":16,"column":null}},"type":"if","locations":[{"start":{"line":11,"column":0},"end":{"line":16,"column":null}},{"start":{"line":11,"column":0},"end":{"line":16,"column":null}}]}},"s":{"0":0,"1":0,"2":0,"3":0,"4":0,"5":0,"6":0},"f":{"0":0,"1":0,"2":0,"3":0,"4":0,"5":0},"b":{"0":[0,0]}}
,"/home/arto/ZoomiWithAnI/src/store/index.ts": {"path":"/home/arto/ZoomiWithAnI/src/store/index.ts","statementMap":{"0":{"start":{"line":1,"column":0},"end":{"line":1,"column":22}},"1":{"start":{"line":2,"column":0},"end":{"line":2,"column":24}},"2":{"start":{"line":6,"column":0},"end":{"line":6,"column":14}},"3":{"start":{"line":14,"column":16},"end":{"line":22,"column":4}},"4":{"start":{"line":24,"column":2},"end":{"line":24,"column":15}},"5":{"start":{"line":13,"column":0},"end":{"line":13,"column":24}}},"fnMap":{"0":{"name":"default_1","decl":{"start":{"line":13,"column":0},"end":{"line":13,"column":24}},"loc":{"start":{"line":13,"column":44},"end":{"line":25,"column":1}}}},"branchMap":{},"s":{"0":0,"1":0,"2":0,"3":0,"4":0,"5":0},"f":{"0":0},"b":{}}
,"/home/arto/ZoomiWithAnI/src/store/module-example/actions.ts": {"path":"/home/arto/ZoomiWithAnI/src/store/module-example/actions.ts","statementMap":{"0":{"start":{"line":1,"column":0},"end":{"line":1,"column":16}}},"fnMap":{"0":{"name":"someAction","decl":{"start":{"line":1,"column":16},"end":{"line":1,"column":26}},"loc":{"start":{"line":1,"column":40},"end":{"line":1,"column":44}}}},"branchMap":{},"s":{"0":0},"f":{"0":0},"b":{}}
,"/home/arto/ZoomiWithAnI/src/store/module-example/getters.ts": {"path":"/home/arto/ZoomiWithAnI/src/store/module-example/getters.ts","statementMap":{"0":{"start":{"line":1,"column":0},"end":{"line":1,"column":16}}},"fnMap":{"0":{"name":"someGetter","decl":{"start":{"line":1,"column":16},"end":{"line":1,"column":26}},"loc":{"start":{"line":1,"column":38},"end":{"line":1,"column":42}}}},"branchMap":{},"s":{"0":0},"f":{"0":0},"b":{}}
,"/home/arto/ZoomiWithAnI/src/store/module-example/index.ts": {"path":"/home/arto/ZoomiWithAnI/src/store/module-example/index.ts","statementMap":{"0":{"start":{"line":1,"column":0},"end":{"line":1,"column":28}},"1":{"start":{"line":2,"column":0},"end":{"line":2,"column":37}},"2":{"start":{"line":3,"column":0},"end":{"line":3,"column":41}},"3":{"start":{"line":4,"column":0},"end":{"line":4,"column":37}},"4":{"start":{"line":6,"column":0},"end":{"line":12,"column":2}}},"fnMap":{},"branchMap":{},"s":{"0":0,"1":0,"2":0,"3":0,"4":0},"f":{},"b":{}}
,"/home/arto/ZoomiWithAnI/src/store/module-example/mutations.ts": {"path":"/home/arto/ZoomiWithAnI/src/store/module-example/mutations.ts","statementMap":{"0":{"start":{"line":1,"column":0},"end":{"line":1,"column":16}}},"fnMap":{"0":{"name":"someMutation","decl":{"start":{"line":1,"column":16},"end":{"line":1,"column":28}},"loc":{"start":{"line":1,"column":40},"end":{"line":1,"column":44}}}},"branchMap":{},"s":{"0":0},"f":{"0":0},"b":{}}
,"/home/arto/ZoomiWithAnI/src/store/module-example/state.ts": {"path":"/home/arto/ZoomiWithAnI/src/store/module-example/state.ts","statementMap":{"0":{"start":{"line":1,"column":0},"end":{"line":3,"column":2}}},"fnMap":{},"branchMap":{},"s":{"0":0},"f":{},"b":{}}
}
